immoudel/build/outputs/logs/manifest-merger-debug-report.txt
-- Merging decision tree log ---
manifest
ADDED from src/main/AndroidManifest.xml:2:1-524:12
INJECTED from src/main/AndroidManifest.xml:2:1-524:12
INJECTED from src/main/AndroidManifest.xml:2:1-524:12
INJECTED from src/main/AndroidManifest.xml:2:1-524:12
INJECTED from src/main/AndroidManifest.xml:2:1-524:12
INJECTED from src/main/AndroidManifest.xml:2:1-524:12
INJECTED from src/main/AndroidManifest.xml:2:1-524:12
	package
		ADDED from src/main/AndroidManifest.xml:4:5-39
		INJECTED from src/main/AndroidManifest.xml
		INJECTED from src/main/AndroidManifest.xml
	android:versionName
		ADDED from src/main/AndroidManifest.xml:6:5-32
		INJECTED from src/main/AndroidManifest.xml
		INJECTED from src/main/AndroidManifest.xml
	xmlns:tools
		ADDED from src/main/AndroidManifest.xml:3:5-51
	xmlns:android
		ADDED from src/main/AndroidManifest.xml:2:11-69
	android:versionCode
		ADDED from src/main/AndroidManifest.xml:5:5-29
		INJECTED from src/main/AndroidManifest.xml
		INJECTED from src/main/AndroidManifest.xml
uses-permission#android.permission.VIBRATE
ADDED from src/main/AndroidManifest.xml:8:5-66
	android:name
		ADDED from src/main/AndroidManifest.xml:8:22-63
uses-permission#android.permission.INTERNET
ADDED from src/main/AndroidManifest.xml:9:5-67
	android:name
		ADDED from src/main/AndroidManifest.xml:9:22-64
uses-permission#android.permission.RECORD_AUDIO
ADDED from src/main/AndroidManifest.xml:10:5-71
	android:name
		ADDED from src/main/AndroidManifest.xml:10:22-68
uses-permission#android.permission.CAMERA
ADDED from src/main/AndroidManifest.xml:11:5-65
	android:name
		ADDED from src/main/AndroidManifest.xml:11:22-62
uses-permission#android.permission.ACCESS_NETWORK_STATE
ADDED from src/main/AndroidManifest.xml:12:5-79
	android:name
		ADDED from src/main/AndroidManifest.xml:12:22-76
uses-permission#android.permission.CHANGE_NETWORK_STATE
ADDED from src/main/AndroidManifest.xml:13:5-79
	android:name
		ADDED from src/main/AndroidManifest.xml:13:22-76
uses-permission#android.permission.WRITE_EXTERNAL_STORAGE
ADDED from src/main/AndroidManifest.xml:14:5-81
	android:name
		ADDED from src/main/AndroidManifest.xml:14:22-78
uses-permission#android.permission.MOUNT_UNMOUNT_FILESYSTEMS
ADDED from src/main/AndroidManifest.xml:15:5-84
	android:name
		ADDED from src/main/AndroidManifest.xml:15:22-81
uses-permission#android.permission.ACCESS_FINE_LOCATION
ADDED from src/main/AndroidManifest.xml:16:5-79
	android:name
		ADDED from src/main/AndroidManifest.xml:16:22-76
uses-permission#android.permission.GET_TASKS
ADDED from src/main/AndroidManifest.xml:17:5-68
	android:name
		ADDED from src/main/AndroidManifest.xml:17:22-65
uses-permission#android.permission.ACCESS_WIFI_STATE
ADDED from src/main/AndroidManifest.xml:18:5-76
	android:name
		ADDED from src/main/AndroidManifest.xml:18:22-73
uses-permission#android.permission.CHANGE_WIFI_STATE
ADDED from src/main/AndroidManifest.xml:19:5-76
	android:name
		ADDED from src/main/AndroidManifest.xml:19:22-73
uses-permission#android.permission.WAKE_LOCK
ADDED from src/main/AndroidManifest.xml:20:5-68
	android:name
		ADDED from src/main/AndroidManifest.xml:20:22-65
uses-permission#android.permission.MODIFY_AUDIO_SETTINGS
ADDED from src/main/AndroidManifest.xml:21:5-80
	android:name
		ADDED from src/main/AndroidManifest.xml:21:22-77
uses-permission#android.permission.READ_PHONE_STATE
ADDED from src/main/AndroidManifest.xml:22:5-75
	android:name
		ADDED from src/main/AndroidManifest.xml:22:22-72
uses-permission#android.permission.RECEIVE_BOOT_COMPLETED
ADDED from src/main/AndroidManifest.xml:23:5-81
	android:name
		ADDED from src/main/AndroidManifest.xml:23:22-78
uses-permission#com.android.launcher.permission.READ_SETTINGS
ADDED from src/main/AndroidManifest.xml:24:5-85
	android:name
		ADDED from src/main/AndroidManifest.xml:24:22-82
uses-permission#android.permission.BROADCAST_STICKY
ADDED from src/main/AndroidManifest.xml:25:5-75
	android:name
		ADDED from src/main/AndroidManifest.xml:25:22-72
uses-permission#android.permission.REQUEST_IGNORE_BATTERY_OPTIMIZATIONS
ADDED from src/main/AndroidManifest.xml:26:5-95
	android:name
		ADDED from src/main/AndroidManifest.xml:26:22-92
uses-permission#android.permission.SYSTEM_ALERT_WINDOW
ADDED from src/main/AndroidManifest.xml:28:5-78
	android:name
		ADDED from src/main/AndroidManifest.xml:28:22-75
uses-permission#android.permission.READ_LOGS
ADDED from src/main/AndroidManifest.xml:31:5-68
	android:name
		ADDED from src/main/AndroidManifest.xml:31:22-65
permission#${applicationId}.permission.MIPUSH_RECEIVE
ADDED from src/main/AndroidManifest.xml:54:5-56:47
	android:protectionLevel
		ADDED from src/main/AndroidManifest.xml:56:9-44
	android:name
		ADDED from src/main/AndroidManifest.xml:55:9-66
uses-permission#${applicationId}.permission.MIPUSH_RECEIVE
ADDED from src/main/AndroidManifest.xml:58:5-82
	android:name
		ADDED from src/main/AndroidManifest.xml:58:22-79
uses-permission#android.permission.READ_EXTERNAL_STORAGE
ADDED from src/main/AndroidManifest.xml:61:5-80
	android:name
		ADDED from src/main/AndroidManifest.xml:61:22-77
application
ADDED from src/main/AndroidManifest.xml:63:5-522:19
	android:allowBackup
		ADDED from src/main/AndroidManifest.xml:64:9-35
	android:usesCleartextTraffic
		ADDED from src/main/AndroidManifest.xml:65:9-44
uses-library#org.apache.http.legacy
ADDED from src/main/AndroidManifest.xml:67:9-87
	android:required
		ADDED from src/main/AndroidManifest.xml:67:61-85
	android:name
		ADDED from src/main/AndroidManifest.xml:67:23-60
provider#android.support.v4.content.FileProvider
ADDED from src/main/AndroidManifest.xml:70:9-78:20
	android:grantUriPermissions
		ADDED from src/main/AndroidManifest.xml:73:13-47
	android:authorities
		ADDED from src/main/AndroidManifest.xml:72:13-64
	android:exported
		ADDED from src/main/AndroidManifest.xml:74:13-37
	android:name
		ADDED from src/main/AndroidManifest.xml:71:13-67
meta-data#android.support.FILE_PROVIDER_PATHS
ADDED from src/main/AndroidManifest.xml:75:13-77:54
	android:resource
		ADDED from src/main/AndroidManifest.xml:77:17-51
	android:name
		ADDED from src/main/AndroidManifest.xml:76:17-67
activity#com.hyphenate.chatuidemo.ui.MainActivity
ADDED from src/main/AndroidManifest.xml:80:9-84:55
	android:screenOrientation
		ADDED from src/main/AndroidManifest.xml:82:13-49
	android:windowSoftInputMode
		ADDED from src/main/AndroidManifest.xml:84:13-52
	android:theme
		ADDED from src/main/AndroidManifest.xml:83:13-52
	android:name
		ADDED from src/main/AndroidManifest.xml:81:13-44
activity#com.hyphenate.chatuidemo.ui.SplashActivity
ADDED from src/main/AndroidManifest.xml:87:9-91:20
	android:screenOrientation
		ADDED from src/main/AndroidManifest.xml:89:13-49
	android:theme
		ADDED from src/main/AndroidManifest.xml:90:13-52
	android:name
		ADDED from src/main/AndroidManifest.xml:88:13-46
activity#com.hyphenate.chatuidemo.ui.LoginActivity
ADDED from src/main/AndroidManifest.xml:94:9-98:71
	android:screenOrientation
		ADDED from src/main/AndroidManifest.xml:96:13-49
	android:windowSoftInputMode
		ADDED from src/main/AndroidManifest.xml:98:13-68
	android:theme
		ADDED from src/main/AndroidManifest.xml:97:13-52
	android:name
		ADDED from src/main/AndroidManifest.xml:95:13-45
activity#com.hyphenate.chatuidemo.ui.ServiceCheckActivity
ADDED from src/main/AndroidManifest.xml:101:9-105:71
	android:screenOrientation
		ADDED from src/main/AndroidManifest.xml:103:13-49
	android:windowSoftInputMode
		ADDED from src/main/AndroidManifest.xml:105:13-68
	android:theme
		ADDED from src/main/AndroidManifest.xml:104:13-52
	android:name
		ADDED from src/main/AndroidManifest.xml:102:13-52
activity#com.hyphenate.chatuidemo.ui.RegisterActivity
ADDED from src/main/AndroidManifest.xml:108:9-112:71
	android:screenOrientation
		ADDED from src/main/AndroidManifest.xml:110:13-49
	android:windowSoftInputMode
		ADDED from src/main/AndroidManifest.xml:112:13-68
	android:theme
		ADDED from src/main/AndroidManifest.xml:111:13-52
	android:name
		ADDED from src/main/AndroidManifest.xml:109:13-48
activity#com.hyphenate.chatuidemo.ui.ChatActivity
ADDED from src/main/AndroidManifest.xml:114:9-119:58
	android:screenOrientation
		ADDED from src/main/AndroidManifest.xml:117:13-49
	android:launchMode
		ADDED from src/main/AndroidManifest.xml:116:13-44
	android:windowSoftInputMode
		ADDED from src/main/AndroidManifest.xml:119:13-55
	android:theme
		ADDED from src/main/AndroidManifest.xml:118:13-52
	android:name
		ADDED from src/main/AndroidManifest.xml:115:13-44
activity#com.hyphenate.chatuidemo.ui.AddContactActivity
ADDED from src/main/AndroidManifest.xml:121:9-125:58
	android:screenOrientation
		ADDED from src/main/AndroidManifest.xml:123:13-49
	android:windowSoftInputMode
		ADDED from src/main/AndroidManifest.xml:125:13-55
	android:theme
		ADDED from src/main/AndroidManifest.xml:124:13-52
	android:name
		ADDED from src/main/AndroidManifest.xml:122:13-50
activity#com.hyphenate.chatuidemo.ui.GroupDetailsActivity
ADDED from src/main/AndroidManifest.xml:127:9-130:55
	android:screenOrientation
		ADDED from src/main/AndroidManifest.xml:129:13-49
	android:theme
		ADDED from src/main/AndroidManifest.xml:130:13-52
	android:name
		ADDED from src/main/AndroidManifest.xml:128:13-52
activity#com.hyphenate.chatuidemo.ui.GroupsActivity
ADDED from src/main/AndroidManifest.xml:132:9-136:55
	android:screenOrientation
		ADDED from src/main/AndroidManifest.xml:134:13-49
	android:windowSoftInputMode
		ADDED from src/main/AndroidManifest.xml:136:13-52
	android:theme
		ADDED from src/main/AndroidManifest.xml:135:13-52
	android:name
		ADDED from src/main/AndroidManifest.xml:133:13-46
activity#com.hyphenate.chatuidemo.ui.ChatRoomDetailsActivity
ADDED from src/main/AndroidManifest.xml:139:9-142:55
	android:screenOrientation
		ADDED from src/main/AndroidManifest.xml:141:13-49
	android:theme
		ADDED from src/main/AndroidManifest.xml:142:13-52
	android:name
		ADDED from src/main/AndroidManifest.xml:140:13-55
activity#com.hyphenate.chatuidemo.ui.NewChatRoomActivity
ADDED from src/main/AndroidManifest.xml:144:9-148:55
	android:screenOrientation
		ADDED from src/main/AndroidManifest.xml:146:13-49
	android:windowSoftInputMode
		ADDED from src/main/AndroidManifest.xml:148:13-52
	android:theme
		ADDED from src/main/AndroidManifest.xml:147:13-52
	android:name
		ADDED from src/main/AndroidManifest.xml:145:13-51
activity#com.hyphenate.chatuidemo.ui.NewGroupActivity
ADDED from src/main/AndroidManifest.xml:151:9-155:55
	android:screenOrientation
		ADDED from src/main/AndroidManifest.xml:153:13-49
	android:windowSoftInputMode
		ADDED from src/main/AndroidManifest.xml:155:13-52
	android:theme
		ADDED from src/main/AndroidManifest.xml:154:13-52
	android:name
		ADDED from src/main/AndroidManifest.xml:152:13-48
activity#com.hyphenate.chatuidemo.ui.ExitGroupDialog
ADDED from src/main/AndroidManifest.xml:157:9-159:58
	android:theme
		ADDED from src/main/AndroidManifest.xml:159:13-55
	android:name
		ADDED from src/main/AndroidManifest.xml:158:13-47
activity#com.hyphenate.chatuidemo.ui.GroupPickContactsActivity
ADDED from src/main/AndroidManifest.xml:161:9-165:55
	android:screenOrientation
		ADDED from src/main/AndroidManifest.xml:163:13-49
	android:windowSoftInputMode
		ADDED from src/main/AndroidManifest.xml:165:13-52
	android:theme
		ADDED from src/main/AndroidManifest.xml:164:13-52
	android:name
		ADDED from src/main/AndroidManifest.xml:162:13-57
activity#com.hyphenate.chatuidemo.ui.PickAtUserActivity
ADDED from src/main/AndroidManifest.xml:166:9-169:55
	android:screenOrientation
		ADDED from src/main/AndroidManifest.xml:168:13-49
	android:theme
		ADDED from src/main/AndroidManifest.xml:169:13-52
	android:name
		ADDED from src/main/AndroidManifest.xml:167:13-50
activity#com.hyphenate.easeui.ui.EaseBaiduMapActivity
ADDED from src/main/AndroidManifest.xml:171:9-174:55
	android:screenOrientation
		ADDED from src/main/AndroidManifest.xml:173:13-49
	android:theme
		ADDED from src/main/AndroidManifest.xml:174:13-52
	android:name
		ADDED from src/main/AndroidManifest.xml:172:13-72
activity#com.hyphenate.chatuidemo.ui.NewFriendsMsgActivity
ADDED from src/main/AndroidManifest.xml:177:9-180:55
	android:screenOrientation
		ADDED from src/main/AndroidManifest.xml:179:13-49
	android:theme
		ADDED from src/main/AndroidManifest.xml:180:13-52
	android:name
		ADDED from src/main/AndroidManifest.xml:178:13-53
activity#com.hyphenate.chatuidemo.ui.ForwardMessageActivity
ADDED from src/main/AndroidManifest.xml:182:9-186:55
	android:screenOrientation
		ADDED from src/main/AndroidManifest.xml:184:13-49
	android:windowSoftInputMode
		ADDED from src/main/AndroidManifest.xml:186:13-52
	android:theme
		ADDED from src/main/AndroidManifest.xml:185:13-52
	android:name
		ADDED from src/main/AndroidManifest.xml:183:13-54
activity#com.hyphenate.chatuidemo.ui.ContextMenuActivity
ADDED from src/main/AndroidManifest.xml:189:9-191:52
	android:theme
		ADDED from src/main/AndroidManifest.xml:191:13-49
	android:name
		ADDED from src/main/AndroidManifest.xml:190:13-51
activity#com.hyphenate.easeui.ui.EaseShowBigImageActivity
ADDED from src/main/AndroidManifest.xml:193:9-196:55
	android:screenOrientation
		ADDED from src/main/AndroidManifest.xml:195:13-49
	android:theme
		ADDED from src/main/AndroidManifest.xml:196:13-52
	android:name
		ADDED from src/main/AndroidManifest.xml:194:13-76
activity#com.hyphenate.easeui.ui.EaseShowNormalFileActivity
ADDED from src/main/AndroidManifest.xml:198:9-201:55
	android:screenOrientation
		ADDED from src/main/AndroidManifest.xml:200:13-49
	android:theme
		ADDED from src/main/AndroidManifest.xml:201:13-52
	android:name
		ADDED from src/main/AndroidManifest.xml:199:13-78
activity#com.hyphenate.chatuidemo.ui.BlacklistActivity
ADDED from src/main/AndroidManifest.xml:203:9-206:55
	android:screenOrientation
		ADDED from src/main/AndroidManifest.xml:205:13-49
	android:theme
		ADDED from src/main/AndroidManifest.xml:206:13-52
	android:name
		ADDED from src/main/AndroidManifest.xml:204:13-49
activity#com.hyphenate.chatuidemo.ui.PublicGroupsActivity
ADDED from src/main/AndroidManifest.xml:209:9-213:55
	android:screenOrientation
		ADDED from src/main/AndroidManifest.xml:211:13-49
	android:windowSoftInputMode
		ADDED from src/main/AndroidManifest.xml:213:13-52
	android:theme
		ADDED from src/main/AndroidManifest.xml:212:13-52
	android:name
		ADDED from src/main/AndroidManifest.xml:210:13-52
activity#com.hyphenate.chatuidemo.ui.PublicChatRoomsActivity
ADDED from src/main/AndroidManifest.xml:214:9-218:55
	android:screenOrientation
		ADDED from src/main/AndroidManifest.xml:216:13-49
	android:windowSoftInputMode
		ADDED from src/main/AndroidManifest.xml:218:13-52
	android:theme
		ADDED from src/main/AndroidManifest.xml:217:13-52
	android:name
		ADDED from src/main/AndroidManifest.xml:215:13-55
activity#com.hyphenate.chatuidemo.ui.VoiceCallActivity
ADDED from src/main/AndroidManifest.xml:221:9-227:55
	android:screenOrientation
		ADDED from src/main/AndroidManifest.xml:226:13-49
	android:excludeFromRecents
		ADDED from src/main/AndroidManifest.xml:224:13-46
	android:launchMode
		ADDED from src/main/AndroidManifest.xml:225:13-44
	android:configChanges
		ADDED from src/main/AndroidManifest.xml:223:13-74
	android:theme
		ADDED from src/main/AndroidManifest.xml:227:13-52
	android:name
		ADDED from src/main/AndroidManifest.xml:222:13-49
activity#com.hyphenate.chatuidemo.ui.VideoCallActivity
ADDED from src/main/AndroidManifest.xml:229:9-235:55
	android:screenOrientation
		ADDED from src/main/AndroidManifest.xml:234:13-49
	android:excludeFromRecents
		ADDED from src/main/AndroidManifest.xml:232:13-46
	android:launchMode
		ADDED from src/main/AndroidManifest.xml:233:13-44
	android:configChanges
		ADDED from src/main/AndroidManifest.xml:231:13-74
	android:theme
		ADDED from src/main/AndroidManifest.xml:235:13-52
	android:name
		ADDED from src/main/AndroidManifest.xml:230:13-49
activity#com.hyphenate.chatuidemo.conference.ConferenceActivity
ADDED from src/main/AndroidManifest.xml:237:9-243:55
	android:screenOrientation
		ADDED from src/main/AndroidManifest.xml:242:13-49
	android:excludeFromRecents
		ADDED from src/main/AndroidManifest.xml:240:13-46
	android:launchMode
		ADDED from src/main/AndroidManifest.xml:241:13-48
	android:configChanges
		ADDED from src/main/AndroidManifest.xml:239:13-74
	android:theme
		ADDED from src/main/AndroidManifest.xml:243:13-52
	android:name
		ADDED from src/main/AndroidManifest.xml:238:13-58
activity#com.hyphenate.chatuidemo.conference.LiveActivity
ADDED from src/main/AndroidManifest.xml:245:9-251:55
	android:screenOrientation
		ADDED from src/main/AndroidManifest.xml:250:13-49
	android:excludeFromRecents
		ADDED from src/main/AndroidManifest.xml:248:13-46
	android:launchMode
		ADDED from src/main/AndroidManifest.xml:249:13-44
	android:configChanges
		ADDED from src/main/AndroidManifest.xml:247:13-74
	android:theme
		ADDED from src/main/AndroidManifest.xml:251:13-52
	android:name
		ADDED from src/main/AndroidManifest.xml:246:13-52
activity#com.hyphenate.chatuidemo.conference.ConferenceInviteActivity
ADDED from src/main/AndroidManifest.xml:253:9-258:54
	android:screenOrientation
		ADDED from src/main/AndroidManifest.xml:256:13-49
	android:windowSoftInputMode
		ADDED from src/main/AndroidManifest.xml:258:13-52
	android:configChanges
		ADDED from src/main/AndroidManifest.xml:255:13-74
	android:theme
		ADDED from src/main/AndroidManifest.xml:257:13-48
	android:name
		ADDED from src/main/AndroidManifest.xml:254:13-64
activity#com.hyphenate.chatuidemo.ui.GroupSimpleDetailActivity
ADDED from src/main/AndroidManifest.xml:261:9-264:55
	android:screenOrientation
		ADDED from src/main/AndroidManifest.xml:263:13-49
	android:theme
		ADDED from src/main/AndroidManifest.xml:264:13-52
	android:name
		ADDED from src/main/AndroidManifest.xml:262:13-57
activity#com.hyphenate.chatuidemo.ui.GroupBlacklistActivity
ADDED from src/main/AndroidManifest.xml:266:9-269:55
	android:screenOrientation
		ADDED from src/main/AndroidManifest.xml:268:13-49
	android:theme
		ADDED from src/main/AndroidManifest.xml:269:13-52
	android:name
		ADDED from src/main/AndroidManifest.xml:267:13-54
activity#com.hyphenate.chatuidemo.ui.GroupSearchMessageActivity
ADDED from src/main/AndroidManifest.xml:270:9-274:58
	android:screenOrientation
		ADDED from src/main/AndroidManifest.xml:272:13-49
	android:windowSoftInputMode
		ADDED from src/main/AndroidManifest.xml:274:13-55
	android:theme
		ADDED from src/main/AndroidManifest.xml:273:13-52
	android:name
		ADDED from src/main/AndroidManifest.xml:271:13-58
activity#com.hyphenate.chatuidemo.ui.PublicGroupsSeachActivity
ADDED from src/main/AndroidManifest.xml:275:9-278:55
	android:screenOrientation
		ADDED from src/main/AndroidManifest.xml:277:13-49
	android:theme
		ADDED from src/main/AndroidManifest.xml:278:13-52
	android:name
		ADDED from src/main/AndroidManifest.xml:276:13-57
activity#com.hyphenate.chatuidemo.ui.EditActivity
ADDED from src/main/AndroidManifest.xml:279:9-283:58
	android:screenOrientation
		ADDED from src/main/AndroidManifest.xml:281:13-49
	android:windowSoftInputMode
		ADDED from src/main/AndroidManifest.xml:283:13-55
	android:theme
		ADDED from src/main/AndroidManifest.xml:282:13-52
	android:name
		ADDED from src/main/AndroidManifest.xml:280:13-44
activity#com.hyphenate.chatuidemo.ui.SharedFilesActivity
ADDED from src/main/AndroidManifest.xml:284:9-287:15
	android:screenOrientation
		ADDED from src/main/AndroidManifest.xml:285:13-49
	android:theme
		ADDED from src/main/AndroidManifest.xml:286:13-52
	android:name
		ADDED from src/main/AndroidManifest.xml:284:19-57
activity#com.hyphenate.easeui.ui.EaseShowVideoActivity
ADDED from src/main/AndroidManifest.xml:288:9-292:63
	android:screenOrientation
		ADDED from src/main/AndroidManifest.xml:290:13-49
	android:windowSoftInputMode
		ADDED from src/main/AndroidManifest.xml:292:13-60
	android:theme
		ADDED from src/main/AndroidManifest.xml:291:13-52
	android:name
		ADDED from src/main/AndroidManifest.xml:289:13-73
activity#com.hyphenate.easeui.ui.EaseDingMsgSendActivity
ADDED from src/main/AndroidManifest.xml:294:9-298:63
	android:screenOrientation
		ADDED from src/main/AndroidManifest.xml:296:13-49
	android:windowSoftInputMode
		ADDED from src/main/AndroidManifest.xml:298:13-60
	android:theme
		ADDED from src/main/AndroidManifest.xml:297:13-52
	android:name
		ADDED from src/main/AndroidManifest.xml:295:13-75
activity#com.hyphenate.easeui.ui.EaseDingAckUserListActivity
ADDED from src/main/AndroidManifest.xml:300:9-304:63
	android:screenOrientation
		ADDED from src/main/AndroidManifest.xml:302:13-49
	android:windowSoftInputMode
		ADDED from src/main/AndroidManifest.xml:304:13-60
	android:theme
		ADDED from src/main/AndroidManifest.xml:303:13-52
	android:name
		ADDED from src/main/AndroidManifest.xml:301:13-79
activity#com.hyphenate.chatuidemo.ui.ImageGridActivity
ADDED from src/main/AndroidManifest.xml:306:9-310:63
	android:screenOrientation
		ADDED from src/main/AndroidManifest.xml:308:13-49
	android:windowSoftInputMode
		ADDED from src/main/AndroidManifest.xml:310:13-60
	android:theme
		ADDED from src/main/AndroidManifest.xml:309:13-52
	android:name
		ADDED from src/main/AndroidManifest.xml:307:13-49
activity#com.hyphenate.chatuidemo.ui.RecorderVideoActivity
ADDED from src/main/AndroidManifest.xml:311:9-315:63
	android:screenOrientation
		ADDED from src/main/AndroidManifest.xml:313:13-49
	android:windowSoftInputMode
		ADDED from src/main/AndroidManifest.xml:315:13-60
	android:theme
		ADDED from src/main/AndroidManifest.xml:314:13-52
	android:name
		ADDED from src/main/AndroidManifest.xml:312:13-53
activity#com.hyphenate.chatuidemo.ui.DiagnoseActivity
ADDED from src/main/AndroidManifest.xml:317:9-321:63
	android:screenOrientation
		ADDED from src/main/AndroidManifest.xml:319:13-49
	android:windowSoftInputMode
		ADDED from src/main/AndroidManifest.xml:321:13-60
	android:theme
		ADDED from src/main/AndroidManifest.xml:320:13-52
	android:name
		ADDED from src/main/AndroidManifest.xml:318:13-48
activity#com.hyphenate.chatuidemo.ui.MultiDeviceActivity
ADDED from src/main/AndroidManifest.xml:322:9-325:68
	android:screenOrientation
		ADDED from src/main/AndroidManifest.xml:323:19-55
	android:windowSoftInputMode
		ADDED from src/main/AndroidManifest.xml:325:19-66
	android:theme
		ADDED from src/main/AndroidManifest.xml:324:19-58
	android:name
		ADDED from src/main/AndroidManifest.xml:322:19-57
activity#com.hyphenate.chatuidemo.ui.NamePasswordActivity
ADDED from src/main/AndroidManifest.xml:326:9-328:60
	android:screenOrientation
		ADDED from src/main/AndroidManifest.xml:327:19-55
	android:theme
		ADDED from src/main/AndroidManifest.xml:328:19-58
	android:name
		ADDED from src/main/AndroidManifest.xml:326:19-58
activity#com.hyphenate.chatuidemo.ui.OfflinePushNickActivity
ADDED from src/main/AndroidManifest.xml:331:9-335:63
	android:screenOrientation
		ADDED from src/main/AndroidManifest.xml:333:13-49
	android:windowSoftInputMode
		ADDED from src/main/AndroidManifest.xml:335:13-60
	android:theme
		ADDED from src/main/AndroidManifest.xml:334:13-52
	android:name
		ADDED from src/main/AndroidManifest.xml:332:13-55
activity#com.hyphenate.chatuidemo.ui.RobotsActivity
ADDED from src/main/AndroidManifest.xml:337:9-341:63
	android:screenOrientation
		ADDED from src/main/AndroidManifest.xml:339:13-49
	android:windowSoftInputMode
		ADDED from src/main/AndroidManifest.xml:341:13-60
	android:theme
		ADDED from src/main/AndroidManifest.xml:340:13-52
	android:name
		ADDED from src/main/AndroidManifest.xml:338:13-46
activity#com.hyphenate.chatuidemo.ui.UserProfileActivity
ADDED from src/main/AndroidManifest.xml:343:9-346:55
	android:screenOrientation
		ADDED from src/main/AndroidManifest.xml:345:13-49
	android:theme
		ADDED from src/main/AndroidManifest.xml:346:13-52
	android:name
		ADDED from src/main/AndroidManifest.xml:344:13-51
activity#com.hyphenate.chatuidemo.ui.SetServersActivity
ADDED from src/main/AndroidManifest.xml:347:9-350:55
	android:screenOrientation
		ADDED from src/main/AndroidManifest.xml:349:13-49
	android:theme
		ADDED from src/main/AndroidManifest.xml:350:13-52
	android:name
		ADDED from src/main/AndroidManifest.xml:348:13-50
activity#com.hyphenate.chatuidemo.ui.OfflinePushSettingsActivity
ADDED from src/main/AndroidManifest.xml:351:9-354:55
	android:screenOrientation
		ADDED from src/main/AndroidManifest.xml:353:13-49
	android:theme
		ADDED from src/main/AndroidManifest.xml:354:13-52
	android:name
		ADDED from src/main/AndroidManifest.xml:352:13-59
activity#com.hyphenate.chatuidemo.ui.CallOptionActivity
ADDED from src/main/AndroidManifest.xml:355:9-358:55
	android:screenOrientation
		ADDED from src/main/AndroidManifest.xml:357:13-49
	android:theme
		ADDED from src/main/AndroidManifest.xml:358:13-52
	android:name
		ADDED from src/main/AndroidManifest.xml:356:13-50
receiver#com.hyphenate.chatuidemo.receiver.StartServiceReceiver
ADDED from src/main/AndroidManifest.xml:361:9-368:20
	android:name
		ADDED from src/main/AndroidManifest.xml:361:19-64
intent-filter#action:name:android.intent.action.BOOT_COMPLETED+action:name:android.intent.action.QUICKBOOT_POWERON+category:name:android.intent.category.LAUNCHER
ADDED from src/main/AndroidManifest.xml:362:13-367:29
	android:priority
		ADDED from src/main/AndroidManifest.xml:362:28-51
action#android.intent.action.BOOT_COMPLETED
ADDED from src/main/AndroidManifest.xml:363:17-79
	android:name
		ADDED from src/main/AndroidManifest.xml:363:25-76
action#android.intent.action.QUICKBOOT_POWERON
ADDED from src/main/AndroidManifest.xml:364:17-82
	android:name
		ADDED from src/main/AndroidManifest.xml:364:25-79
category#android.intent.category.LAUNCHER
ADDED from src/main/AndroidManifest.xml:366:17-77
	android:name
		ADDED from src/main/AndroidManifest.xml:366:27-74
service#com.baidu.location.f
ADDED from src/main/AndroidManifest.xml:403:9-406:41
	android:process
		ADDED from src/main/AndroidManifest.xml:406:13-38
	android:enabled
		ADDED from src/main/AndroidManifest.xml:405:13-35
	android:name
		ADDED from src/main/AndroidManifest.xml:404:13-48
meta-data#com.baidu.lbsapi.API_KEY
ADDED from src/main/AndroidManifest.xml:407:9-409:64
	android:value
		ADDED from src/main/AndroidManifest.xml:409:13-61
	android:name
		ADDED from src/main/AndroidManifest.xml:408:13-52
uses-sdk
INJECTED from src/main/AndroidManifest.xml reason: use-sdk injection requested
INJECTED from src/main/AndroidManifest.xml
INJECTED from src/main/AndroidManifest.xml
INJECTED from src/main/AndroidManifest.xml
INJECTED from src/main/AndroidManifest.xml
	android:targetSdkVersion
		INJECTED from src/main/AndroidManifest.xml
		ADDED from src/main/AndroidManifest.xml
		INJECTED from src/main/AndroidManifest.xml
	android:minSdkVersion
		INJECTED from src/main/AndroidManifest.xml
		ADDED from src/main/AndroidManifest.xml
		INJECTED from src/main/AndroidManifest.xml